Log file cleared and reinitialized on 2024-08-08 16:48:48.646385
2024-08-08 16:48:48,648 - ElmfireGymEnv - INFO - Initializing ElmfireGymEnv
2024-08-08 16:48:48,720 - ElmfireGymEnv - INFO - ElmfireGymEnv initialized successfully
2024-08-08 16:48:48,940 - ElmfireGymEnv - INFO - Initializing ElmfireGymEnv
2024-08-08 16:48:48,956 - ElmfireGymEnv - INFO - ElmfireGymEnv initialized successfully
2024-08-08 16:48:48,959 - ElmfireGymEnv - INFO - Resetting environment
2024-08-08 16:48:49,035 - ElmfireGymEnv - INFO - Environment reset complete
2024-08-08 16:48:49,035 - ElmfireGymEnv - INFO - Type of encoded state: <class 'numpy.ndarray'>
2024-08-08 16:48:49,044 - ElmfireGymEnv - INFO - Initializing ElmfireGymEnv
2024-08-08 16:48:49,065 - ElmfireGymEnv - INFO - ElmfireGymEnv initialized successfully
2024-08-08 16:48:49,066 - ElmfireGymEnv - INFO - Resetting environment
2024-08-08 16:48:49,138 - ElmfireGymEnv - INFO - Environment reset complete
2024-08-08 16:48:49,139 - ElmfireGymEnv - INFO - Type of encoded state: <class 'numpy.ndarray'>
2024-08-08 16:48:49,140 - ElmfireGymEnv - INFO - Taking step with action: [78 98  0  1]
2024-08-08 16:48:49,141 - ElmfireGymEnv - INFO - Converted action: Action(fireline_coordinates=[(78, 98)])
2024-08-08 16:48:49,474 - ElmfireGymEnv - INFO - Step complete. Reward: -1000.0, Terminated: False
2024-08-08 16:48:49,487 - ElmfireGymEnv - INFO - Initializing ElmfireGymEnv
2024-08-08 16:48:49,504 - ElmfireGymEnv - INFO - ElmfireGymEnv initialized successfully
2024-08-08 16:48:49,506 - ElmfireGymEnv - INFO - Resetting environment
2024-08-08 16:48:49,562 - ElmfireGymEnv - INFO - Environment reset complete
2024-08-08 16:48:49,562 - ElmfireGymEnv - INFO - Type of encoded state: <class 'numpy.ndarray'>
2024-08-08 16:48:49,563 - ElmfireGymEnv - INFO - Taking step with action: [71 33  4  1]
2024-08-08 16:48:49,564 - ElmfireGymEnv - INFO - Converted action: Action(fireline_coordinates=[(71, 33)])
2024-08-08 16:48:49,847 - ElmfireGymEnv - INFO - Step complete. Reward: -1000.0, Terminated: False
2024-08-08 16:48:50,584 - ElmfireGymEnv - INFO - Initializing ElmfireGymEnv
2024-08-08 16:48:50,596 - ElmfireGymEnv - INFO - ElmfireGymEnv initialized successfully
2024-08-08 16:48:50,599 - ElmfireGymEnv - INFO - Resetting environment
2024-08-08 16:48:50,636 - ElmfireGymEnv - INFO - Environment reset complete
2024-08-08 16:48:50,636 - ElmfireGymEnv - INFO - Type of encoded state: <class 'numpy.ndarray'>
2024-08-08 16:48:50,636 - ElmfireGymEnv - INFO - Taking step with action: [15 89  5  4]
2024-08-08 16:48:50,636 - ElmfireGymEnv - INFO - Converted action: Action(fireline_coordinates=[(15, 89), (14, 88), (13, 87), (12, 86)])
2024-08-08 16:48:50,913 - ElmfireGymEnv - INFO - Step complete. Reward: -1000.0, Terminated: False
2024-08-08 16:48:50,915 - ElmfireGymEnv - INFO - Taking step with action: [32 61  6  3]
2024-08-08 16:48:50,915 - ElmfireGymEnv - INFO - Converted action: Action(fireline_coordinates=[(32, 61), (31, 61), (30, 61)])
2024-08-08 16:48:51,171 - ElmfireGymEnv - INFO - Step complete. Reward: -1000.0, Terminated: False
2024-08-08 16:48:51,172 - ElmfireGymEnv - INFO - Taking step with action: [14  1  7  4]
2024-08-08 16:48:51,172 - ElmfireGymEnv - INFO - Converted action: Action(fireline_coordinates=[(14, 1), (13, 2), (12, 3), (11, 4)])
2024-08-08 16:48:51,457 - ElmfireGymEnv - INFO - Step complete. Reward: -1000.0, Terminated: False
